<?xml version="1.0" encoding="UTF-8"?>
<coverage generated="1657872015513" clover="3.2.0">
  <project timestamp="1657872015513" name="All files">
    <metrics statements="22" coveredstatements="18" conditionals="6" coveredconditionals="2" methods="6" coveredmethods="6" elements="34" coveredelements="26" complexity="0" loc="22" ncloc="22" packages="1" files="2" classes="2"/>
    <file name="cron.service.ts" path="/home/bao/Private/Demo/Haravan-Libs/crons/src/cron.service.ts">
      <metrics statements="11" coveredstatements="9" conditionals="3" coveredconditionals="1" methods="3" coveredmethods="3"/>
      <line num="1" count="1" type="stmt"/>
      <line num="4" count="1" type="stmt"/>
      <line num="11" count="2" type="cond" truecount="0" falsecount="1"/>
      <line num="12" count="2" type="cond" truecount="1" falsecount="1"/>
      <line num="14" count="2" type="stmt"/>
      <line num="15" count="2" type="stmt"/>
      <line num="16" count="2" type="stmt"/>
      <line num="17" count="2" type="stmt"/>
      <line num="21" count="0" type="stmt"/>
      <line num="22" count="0" type="stmt"/>
      <line num="25" count="1" type="stmt"/>
    </file>
    <file name="index.ts" path="/home/bao/Private/Demo/Haravan-Libs/crons/src/index.ts">
      <metrics statements="11" coveredstatements="9" conditionals="3" coveredconditionals="1" methods="3" coveredmethods="3"/>
      <line num="1" count="1" type="stmt"/>
      <line num="2" count="1" type="stmt"/>
      <line num="7" count="2" type="stmt"/>
      <line num="10" count="2" type="cond" truecount="0" falsecount="1"/>
      <line num="12" count="2" type="cond" truecount="1" falsecount="1"/>
      <line num="14" count="2" type="stmt"/>
      <line num="17" count="2" type="stmt"/>
      <line num="19" count="2" type="stmt"/>
      <line num="23" count="0" type="stmt"/>
      <line num="24" count="0" type="stmt"/>
      <line num="27" count="1" type="stmt"/>
    </file>
  </project>
</coverage>
