{"/home/bao/Private/Demo/Haravan-Libs/crons/src/cron.service.ts": {"path":"/home/bao/Private/Demo/Haravan-Libs/crons/src/cron.service.ts","statementMap":{"0":{"start":{"line":1,"column":0},"end":{"line":1,"column":null}},"1":{"start":{"line":4,"column":0},"end":{"line":4,"column":13}},"2":{"start":{"line":11,"column":11},"end":{"line":24,"column":null}},"3":{"start":{"line":11,"column":57},"end":{"line":11,"column":null}},"4":{"start":{"line":12,"column":6},"end":{"line":23,"column":null}},"5":{"start":{"line":14,"column":8},"end":{"line":14,"column":null}},"6":{"start":{"line":15,"column":18},"end":{"line":15,"column":101}},"7":{"start":{"line":16,"column":8},"end":{"line":16,"column":null}},"8":{"start":{"line":17,"column":8},"end":{"line":17,"column":null}},"9":{"start":{"line":21,"column":8},"end":{"line":21,"column":null}},"10":{"start":{"line":22,"column":8},"end":{"line":22,"column":null}},"11":{"start":{"line":25,"column":0},"end":{"line":25,"column":null}},"12":{"start":{"line":4,"column":13},"end":{"line":4,"column":20}}},"fnMap":{"0":{"name":"(anonymous_0)","decl":{"start":{"line":4,"column":0},"end":{"line":4,"column":13}},"loc":{"start":{"line":4,"column":0},"end":{"line":25,"column":null}}},"1":{"name":"Service","decl":{"start":{"line":6,"column":4},"end":{"line":6,"column":null}},"loc":{"start":{"line":6,"column":4},"end":{"line":9,"column":5}}},"2":{"name":"(anonymous_2)","decl":{"start":{"line":11,"column":4},"end":{"line":11,"column":11}},"loc":{"start":{"line":11,"column":72},"end":{"line":24,"column":5}}}},"branchMap":{"0":{"loc":{"start":{"line":11,"column":57},"end":{"line":11,"column":null}},"type":"if","locations":[{"start":{"line":11,"column":57},"end":{"line":11,"column":null}}]},"1":{"loc":{"start":{"line":12,"column":6},"end":{"line":23,"column":null}},"type":"if","locations":[{"start":{"line":12,"column":6},"end":{"line":23,"column":null}},{"start":{"line":20,"column":6},"end":{"line":23,"column":null}}]}},"s":{"0":1,"1":1,"2":1,"3":2,"4":2,"5":2,"6":2,"7":2,"8":2,"9":0,"10":0,"11":1,"12":1},"f":{"0":1,"1":2,"2":2},"b":{"0":[0],"1":[2,0]}}
,"/home/bao/Private/Demo/Haravan-Libs/crons/src/index.ts": {"path":"/home/bao/Private/Demo/Haravan-Libs/crons/src/index.ts","statementMap":{"0":{"start":{"line":1,"column":0},"end":{"line":1,"column":38}},"1":{"start":{"line":2,"column":0},"end":{"line":2,"column":13}},"2":{"start":{"line":7,"column":8},"end":{"line":7,"column":null}},"3":{"start":{"line":10,"column":11},"end":{"line":26,"column":null}},"4":{"start":{"line":10,"column":71},"end":{"line":10,"column":null}},"5":{"start":{"line":12,"column":8},"end":{"line":25,"column":null}},"6":{"start":{"line":14,"column":12},"end":{"line":14,"column":null}},"7":{"start":{"line":17,"column":12},"end":{"line":17,"column":null}},"8":{"start":{"line":19,"column":12},"end":{"line":19,"column":null}},"9":{"start":{"line":23,"column":12},"end":{"line":23,"column":null}},"10":{"start":{"line":24,"column":12},"end":{"line":24,"column":null}},"11":{"start":{"line":27,"column":0},"end":{"line":27,"column":null}},"12":{"start":{"line":2,"column":13},"end":{"line":2,"column":17}}},"fnMap":{"0":{"name":"(anonymous_0)","decl":{"start":{"line":2,"column":0},"end":{"line":2,"column":13}},"loc":{"start":{"line":2,"column":0},"end":{"line":27,"column":null}}},"1":{"name":"Cron","decl":{"start":{"line":5,"column":4},"end":{"line":5,"column":null}},"loc":{"start":{"line":5,"column":4},"end":{"line":8,"column":5}}},"2":{"name":"(anonymous_2)","decl":{"start":{"line":10,"column":4},"end":{"line":10,"column":11}},"loc":{"start":{"line":10,"column":88},"end":{"line":26,"column":5}}}},"branchMap":{"0":{"loc":{"start":{"line":10,"column":71},"end":{"line":10,"column":null}},"type":"if","locations":[{"start":{"line":10,"column":71},"end":{"line":10,"column":null}}]},"1":{"loc":{"start":{"line":12,"column":8},"end":{"line":25,"column":null}},"type":"if","locations":[{"start":{"line":12,"column":8},"end":{"line":25,"column":null}},{"start":{"line":22,"column":8},"end":{"line":25,"column":null}}]}},"s":{"0":1,"1":1,"2":2,"3":1,"4":2,"5":2,"6":2,"7":2,"8":2,"9":0,"10":0,"11":1,"12":1},"f":{"0":1,"1":2,"2":2},"b":{"0":[0],"1":[2,0]}}
}
