TN:
SF:src/cron.service.ts
FN:4,(anonymous_0)
FN:6,Service
FN:11,(anonymous_2)
FNF:3
FNH:3
FNDA:1,(anonymous_0)
FNDA:2,Service
FNDA:2,(anonymous_2)
DA:1,1
DA:4,1
DA:11,2
DA:12,2
DA:14,2
DA:15,2
DA:16,2
DA:17,2
DA:21,0
DA:22,0
DA:25,1
LF:11
LH:9
BRDA:11,0,0,0
BRDA:12,1,0,2
BRDA:12,1,1,0
BRF:3
BRH:1
end_of_record
TN:
SF:src/index.ts
FN:2,(anonymous_0)
FN:5,Cron
FN:10,(anonymous_2)
FNF:3
FNH:3
FNDA:1,(anonymous_0)
FNDA:2,Cron
FNDA:2,(anonymous_2)
DA:1,1
DA:2,1
DA:7,2
DA:10,2
DA:12,2
DA:14,2
DA:17,2
DA:19,2
DA:23,0
DA:24,0
DA:27,1
LF:11
LH:9
BRDA:10,0,0,0
BRDA:12,1,0,2
BRDA:12,1,1,0
BRF:3
BRH:1
end_of_record
